<?xml version="1.0" encoding="UTF-8"?>
<coverage generated="1610335099168" clover="3.2.0">
  <project timestamp="1610335099168" name="All files">
    <metrics statements="1" coveredstatements="1" conditionals="0" coveredconditionals="0" methods="10" coveredmethods="5" elements="11" coveredelements="6" complexity="0" loc="1" ncloc="1" packages="1" files="1" classes="1"/>
    <file name="hello-world.vue" path="E:\GIT\Github\npm-demo\src\components\hello-world.vue">
      <metrics statements="1" coveredstatements="1" conditionals="0" coveredconditionals="0" methods="10" coveredmethods="5"/>
      <line num="18" count="2" type="stmt"/>
    </file>
  </project>
</coverage>
